Build started 05/12/2016 12:42:00.
     1>Project "F:\University\4th Year\Honours\Honours RTS\Honours RTS\Honours RTS.vcxproj" on node 2 (Build target(s)).
     1>ClCompile:
         D:\Program Files (x86)\Microsoft Visual Studio 14.0\VC\bin\x86_amd64\CL.exe /c /I"F:\University\4th Year\Honours\Honours RTS\Honours RTS\SFML-2.4.1\include" /ZI /nologo /W3 /WX- /sdl /Od /D SFML_STATIC /D _MBCS /Gm /EHsc /RTC1 /MDd /GS /fp:precise /Zc:wchar_t /Zc:forScope /Zc:inline /Fo"x64\Debug\\" /Fd"x64\Debug\vc140.pdb" /Gd /TP /errorReport:prompt Application.cpp Building.cpp GameObject.cpp HQ.cpp main.cpp Player.cpp Unit.cpp Vector2.cpp Warrior.cpp Worker.cpp
         Worker.cpp
         Warrior.cpp
         Vector2.cpp
         Unit.cpp
         Player.cpp
     1>f:\university\4th year\honours\honours rts\honours rts\player.h(16): warning C4244: 'return': conversion from 'float' to 'int', possible loss of data
     1>f:\university\4th year\honours\honours rts\honours rts\player.h(17): warning C4267: 'return': conversion from 'size_t' to 'int', possible loss of data
     1>f:\university\4th year\honours\honours rts\honours rts\player.h(18): warning C4267: 'return': conversion from 'size_t' to 'int', possible loss of data
         main.cpp
     1>f:\university\4th year\honours\honours rts\honours rts\player.h(16): warning C4244: 'return': conversion from 'float' to 'int', possible loss of data
     1>f:\university\4th year\honours\honours rts\honours rts\player.h(17): warning C4267: 'return': conversion from 'size_t' to 'int', possible loss of data
     1>f:\university\4th year\honours\honours rts\honours rts\player.h(18): warning C4267: 'return': conversion from 'size_t' to 'int', possible loss of data
         HQ.cpp
         GameObject.cpp
         Building.cpp
         Application.cpp
     1>f:\university\4th year\honours\honours rts\honours rts\player.h(16): warning C4244: 'return': conversion from 'float' to 'int', possible loss of data
     1>f:\university\4th year\honours\honours rts\honours rts\player.h(17): warning C4267: 'return': conversion from 'size_t' to 'int', possible loss of data
     1>f:\university\4th year\honours\honours rts\honours rts\player.h(18): warning C4267: 'return': conversion from 'size_t' to 'int', possible loss of data
         Generating Code...
       Link:
         D:\Program Files (x86)\Microsoft Visual Studio 14.0\VC\bin\x86_amd64\link.exe /ERRORREPORT:PROMPT /OUT:"F:\University\4th Year\Honours\Honours RTS\x64\Debug\Honours RTS.exe" /INCREMENTAL /NOLOGO /LIBPATH:"F:\University\4th Year\Honours\Honours RTS\Honours RTS\SFML-2.4.1\lib" "sfml-audio-s-d.lib" "sfml-system-s-d.lib" "sfml-window-s-d.lib" "sfml-graphics-s-d.lib" opengl32.lib freetype.lib jpeg.lib winmm.lib gdi32.lib openal32.lib flac.lib vorbisenc.lib vorbisfile.lib vorbis.lib ogg.lib kernel32.lib user32.lib gdi32.lib winspool.lib comdlg32.lib advapi32.lib shell32.lib ole32.lib oleaut32.lib uuid.lib odbc32.lib odbccp32.lib /MANIFEST /MANIFESTUAC:"level='asInvoker' uiAccess='false'" /manifest:embed /Debug /PDB:"F:\University\4th Year\Honours\Honours RTS\x64\Debug\Honours RTS.pdb" /TLBID:1 /DYNAMICBASE /NXCOMPAT /IMPLIB:"F:\University\4th Year\Honours\Honours RTS\x64\Debug\Honours RTS.lib" /MACHINE:X64 x64\Debug\Application.obj
         x64\Debug\Building.obj
         x64\Debug\GameObject.obj
         x64\Debug\HQ.obj
         x64\Debug\main.obj
         x64\Debug\Player.obj
         x64\Debug\Unit.obj
         x64\Debug\Vector2.obj
         x64\Debug\Warrior.obj
         x64\Debug\Worker.obj
         Honours RTS.vcxproj -> F:\University\4th Year\Honours\Honours RTS\x64\Debug\Honours RTS.exe
     1>Done Building Project "F:\University\4th Year\Honours\Honours RTS\Honours RTS\Honours RTS.vcxproj" (Build target(s)).

Build succeeded.

Time Elapsed 00:00:08.29
